🚀 PA-API SDK版: 全商品収集システム起動

API認証情報:
Access Key: ✅ 設定済み
Secret Key: ✅ 設定済み
Partner Tag: asdfghj12-22

📊 収集予定: 6場所 × 各エリア × 2レベル = 約440検索
⏱️  推定所要時間: 約8分



🏠 === キッチン (kitchen) ===

📍 ガスコンロ (gas)

📦 kitchen-gas-light の商品を収集中...
  ✅ マジックリン: 10商品
[1/440] 0.2% 完了 | 経過: 0h 0m 0s | 残り: 0h 5m 14s
  ✅ ウタマロクリーナー: 10商品
[2/440] 0.5% 完了 | 経過: 0h 0m 2s | 残り: 0h 8m 30s
  ✅ 重曹: 10商品
[3/440] 0.7% 完了 | 経過: 0h 0m 4s | 残り: 0h 9m 44s
  ✅ キュキュット: 10商品
[4/440] 0.9% 完了 | 経過: 0h 0m 5s | 残り: 0h 10m 18s
  ✅ アルコールスプレー: 10商品
[5/440] 1.1% 完了 | 経過: 0h 0m 7s | 残り: 0h 10m 36s
  ✅ キッチンスポンジ: 10商品
[6/440] 1.4% 完了 | 経過: 0h 0m 10s | 残り: 0h 12m 55s
  ✅ マイクロファイバー: 10商品
[7/440] 1.6% 完了 | 経過: 0h 0m 12s | 残り: 0h 12m 49s
  ✅ メラミンスポンジ: 10商品
[8/440] 1.8% 完了 | 経過: 0h 0m 14s | 残り: 0h 12m 43s
  ✅ ビニール手袋: 10商品
[9/440] 2.0% 完了 | 経過: 0h 0m 15s | 残り: 0h 12m 41s
  ✅ エプロン: 10商品
[10/440] 2.3% 完了 | 経過: 0h 0m 17s | 残り: 0h 12m 46s

📦 kitchen-gas-heavy の商品を収集中...
  ✅ 油汚れマジックリン: 10商品
[11/440] 2.5% 完了 | 経過: 0h 0m 19s | 残り: 0h 12m 40s
  ✅ レンジクリーナー: 10商品
[12/440] 2.7% 完了 | 経過: 0h 0m 21s | 残り: 0h 12m 34s
  ✅ オキシクリーン: 10商品
[13/440] 3.0% 完了 | 経過: 0h 0m 22s | 残り: 0h 12m 27s
  ✅ 重曹ペースト: 10商品
[14/440] 3.2% 完了 | 経過: 0h 0m 24s | 残り: 0h 12m 20s
  ✅ 強力洗剤: 10商品
[15/440] 3.4% 完了 | 経過: 0h 0m 26s | 残り: 0h 12m 23s
  ✅ 金属たわし: 10商品
[16/440] 3.6% 完了 | 経過: 0h 0m 27s | 残り: 0h 12m 18s
  ✅ スクレーパー: 10商品
[17/440] 3.9% 完了 | 経過: 0h 0m 29s | 残り: 0h 12m 13s
  ✅ ワイヤーブラシ: 10商品
[18/440] 4.1% 完了 | 経過: 0h 0m 31s | 残り: 0h 12m 10s
  ✅ ゴム手袋 厚手: 10商品
[19/440] 4.3% 完了 | 経過: 0h 0m 32s | 残り: 0h 12m 6s
  ✅ 保護メガネ: 10商品
[20/440] 4.5% 完了 | 経過: 0h 0m 34s | 残り: 0h 12m 8s

📍 IHクッキングヒーター (ih)

📦 kitchen-ih-light の商品を収集中...
  ✅ ウタマロクリーナー: 10商品
[21/440] 4.8% 完了 | 経過: 0h 0m 36s | 残り: 0h 12m 6s
  ✅ マジックリン キッチン: 10商品
[22/440] 5.0% 完了 | 経過: 0h 0m 38s | 残り: 0h 12m 5s
  ✅ 重曹 掃除: 10商品
[23/440] 5.2% 完了 | 経過: 0h 0m 39s | 残り: 0h 12m 4s
  ✅ セスキ炭酸ソーダ: 10商品
[24/440] 5.5% 完了 | 経過: 0h 0m 41s | 残り: 0h 12m 2s
  ✅ アルコール除菌: 10商品
[25/440] 5.7% 完了 | 経過: 0h 0m 45s | 残り: 0h 12m 33s
  ✅ マイクロファイバークロス: 10商品
[26/440] 5.9% 完了 | 経過: 0h 0m 47s | 残り: 0h 12m 39s
  ✅ キッチンペーパー: 10商品
[27/440] 6.1% 完了 | 経過: 0h 0m 49s | 残り: 0h 12m 37s
  ✅ メラミンスポンジ: 10商品
[28/440] 6.4% 完了 | 経過: 0h 0m 51s | 残り: 0h 12m 33s
  ✅ ゴム手袋 薄手: 10商品
[29/440] 6.6% 完了 | 経過: 0h 0m 53s | 残り: 0h 12m 32s
  ✅ 使い捨て手袋: 10商品
[30/440] 6.8% 完了 | 経過: 0h 0m 54s | 残り: 0h 12m 29s

📦 kitchen-ih-heavy の商品を収集中...
  ✅ IHクリーナー: 10商品
[31/440] 7.0% 完了 | 経過: 0h 0m 56s | 残り: 0h 12m 28s
  ✅ オキシクリーン: 10商品
[32/440] 7.3% 完了 | 経過: 0h 0m 58s | 残り: 0h 12m 24s
  ✅ 強力マジックリン: 10商品
[33/440] 7.5% 完了 | 経過: 0h 1m 0s | 残り: 0h 12m 23s
  ✅ キッチンハイター: 10商品
[34/440] 7.7% 完了 | 経過: 0h 1m 2s | 残り: 0h 12m 24s
  ✅ 焦げ落とし 専用: 10商品
[35/440] 8.0% 完了 | 経過: 0h 1m 4s | 残り: 0h 12m 25s
  ✅ IHスクレーパー: 10商品
[36/440] 8.2% 完了 | 経過: 0h 1m 6s | 残り: 0h 12m 22s
  ✅ ステンレスたわし: 10商品
[37/440] 8.4% 完了 | 経過: 0h 1m 7s | 残り: 0h 12m 20s
  ✅ 研磨パッド: 10商品
[38/440] 8.6% 完了 | 経過: 0h 1m 9s | 残り: 0h 12m 19s
  ✅ ゴム手袋 厚手: 10商品
[39/440] 8.9% 完了 | 経過: 0h 1m 11s | 残り: 0h 12m 15s
  ✅ マスク: 10商品
[40/440] 9.1% 完了 | 経過: 0h 1m 13s | 残り: 0h 12m 13s

📍 シンク (sink)

📦 kitchen-sink-light の商品を収集中...
  ✅ キュキュット: 10商品
[41/440] 9.3% 完了 | 経過: 0h 1m 15s | 残り: 0h 12m 10s
  ✅ ジョイ: 10商品
[42/440] 9.5% 完了 | 経過: 0h 1m 18s | 残り: 0h 12m 23s
  ✅ 重曹: 10商品
[43/440] 9.8% 完了 | 経過: 0h 1m 20s | 残り: 0h 12m 19s
  ✅ クエン酸: 10商品
[44/440] 10.0% 完了 | 経過: 0h 1m 21s | 残り: 0h 12m 17s
  ✅ ハイター: 10商品
[45/440] 10.2% 完了 | 経過: 0h 1m 23s | 残り: 0h 12m 13s
  ✅ スポンジ: 10商品
[46/440] 10.5% 完了 | 経過: 0h 1m 25s | 残り: 0h 12m 13s
  ✅ ブラシ: 10商品
[47/440] 10.7% 完了 | 経過: 0h 1m 27s | 残り: 0h 12m 12s
  ✅ マイクロファイバー: 10商品
[48/440] 10.9% 完了 | 経過: 0h 1m 29s | 残り: 0h 12m 8s
  ✅ ゴム手袋: 10商品
[49/440] 11.1% 完了 | 経過: 0h 1m 31s | 残り: 0h 12m 6s
  ✅ ビニール手袋: 10商品
[50/440] 11.4% 完了 | 経過: 0h 1m 32s | 残り: 0h 12m 2s

📦 kitchen-sink-heavy の商品を収集中...
  ✅ パイプユニッシュ: 10商品
[51/440] 11.6% 完了 | 経過: 0h 1m 34s | 残り: 0h 12m 0s
  ✅ カビキラー: 10商品
[52/440] 11.8% 完了 | 経過: 0h 1m 36s | 残り: 0h 11m 58s
  ✅ キッチンハイター: 10商品
[53/440] 12.0% 完了 | 経過: 0h 1m 37s | 残り: 0h 11m 54s
  ✅ 排水口洗浄剤: 10商品
[54/440] 12.3% 完了 | 経過: 0h 1m 39s | 残り: 0h 11m 52s
  ✅ クレンザー: 10商品
[55/440] 12.5% 完了 | 経過: 0h 1m 41s | 残り: 0h 11m 51s
  ✅ 排水口ブラシ: 10商品
[56/440] 12.7% 完了 | 経過: 0h 1m 43s | 残り: 0h 11m 49s
  ✅ ワイヤーブラシ: 10商品
[57/440] 13.0% 完了 | 経過: 0h 1m 45s | 残り: 0h 11m 46s
  ✅ パイプクリーナー: 10商品
[58/440] 13.2% 完了 | 経過: 0h 1m 46s | 残り: 0h 11m 44s
  ✅ ゴム手袋 ロング: 10商品
[59/440] 13.4% 完了 | 経過: 0h 1m 48s | 残り: 0h 11m 43s
  ✅ マスク: 10商品
[60/440] 13.6% 完了 | 経過: 0h 1m 52s | 残り: 0h 11m 50s

📍 換気扇 (ventilation)

📦 kitchen-ventilation-light の商品を収集中...
  ✅ マジックリン: 10商品
[61/440] 13.9% 完了 | 経過: 0h 1m 53s | 残り: 0h 11m 47s
  ✅ セスキ炭酸ソーダ: 10商品
[62/440] 14.1% 完了 | 経過: 0h 1m 55s | 残り: 0h 11m 44s
  ✅ アルコール: 10商品
[63/440] 14.3% 完了 | 経過: 0h 1m 57s | 残り: 0h 11m 42s
  ✅ 中性洗剤: 10商品
[64/440] 14.5% 完了 | 経過: 0h 1m 59s | 残り: 0h 11m 41s
  ✅ ウタマロ: 10商品
[65/440] 14.8% 完了 | 経過: 0h 2m 1s | 残り: 0h 11m 38s
  ✅ マイクロファイバー: 10商品
[66/440] 15.0% 完了 | 経過: 0h 2m 2s | 残り: 0h 11m 35s
  ✅ ブラシ: 10商品
[67/440] 15.2% 完了 | 経過: 0h 2m 4s | 残り: 0h 11m 32s
  ✅ スポンジ: 10商品
[68/440] 15.5% 完了 | 経過: 0h 2m 6s | 残り: 0h 11m 30s
  ✅ 手袋: 10商品
[69/440] 15.7% 完了 | 経過: 0h 2m 8s | 残り: 0h 11m 28s
  ✅ マスク: 10商品
[70/440] 15.9% 完了 | 経過: 0h 2m 9s | 残り: 0h 11m 26s

📦 kitchen-ventilation-heavy の商品を収集中...
  ✅ 換気扇用洗剤: 10商品
[71/440] 16.1% 完了 | 経過: 0h 2m 11s | 残り: 0h 11m 23s
  ✅ 強力マジックリン: 10商品
[72/440] 16.4% 完了 | 経過: 0h 2m 13s | 残り: 0h 11m 21s
  ✅ オキシ漬け: 10商品
[73/440] 16.6% 完了 | 経過: 0h 2m 15s | 残り: 0h 11m 20s
  ✅ 業務用洗剤: 10商品
[74/440] 16.8% 完了 | 経過: 0h 2m 17s | 残り: 0h 11m 18s
  ✅ アルカリ洗剤: 10商品
[75/440] 17.0% 完了 | 経過: 0h 2m 18s | 残り: 0h 11m 15s
  ✅ 金属ブラシ: 10商品
[76/440] 17.3% 完了 | 経過: 0h 2m 20s | 残り: 0h 11m 13s
  ✅ スクレーパー: 10商品
[77/440] 17.5% 完了 | 経過: 0h 2m 22s | 残り: 0h 11m 11s
  ✅ つけ置き容器: 10商品
[78/440] 17.7% 完了 | 経過: 0h 2m 25s | 残り: 0h 11m 16s
  ✅ ゴム手袋 厚手: 10商品
[79/440] 18.0% 完了 | 経過: 0h 2m 27s | 残り: 0h 11m 14s
  ✅ 防護マスク: 10商品
[80/440] 18.2% 完了 | 経過: 0h 2m 29s | 残り: 0h 11m 13s


🏠 === バスルーム (bathroom) ===

📍 浴槽 (bathtub)

📦 bathroom-bathtub-light の商品を収集中...
  ✅ バスマジックリン: 10商品
[81/440] 18.4% 完了 | 経過: 0h 2m 31s | 残り: 0h 11m 11s
  ✅ ウタマロクリーナー: 10商品
[82/440] 18.6% 完了 | 経過: 0h 2m 33s | 残り: 0h 11m 8s
  ✅ バスクリーナー: 10商品
[83/440] 18.9% 完了 | 経過: 0h 2m 34s | 残り: 0h 11m 5s
  ✅ 重曹: 10商品
[84/440] 19.1% 完了 | 経過: 0h 2m 36s | 残り: 0h 11m 2s
  ✅ クエン酸: 10商品
[85/440] 19.3% 完了 | 経過: 0h 2m 38s | 残り: 0h 11m 0s
  ✅ バススポンジ: 10商品
[86/440] 19.5% 完了 | 経過: 0h 2m 39s | 残り: 0h 10m 57s
  ✅ ブラシ: 10商品
[87/440] 19.8% 完了 | 経過: 0h 2m 41s | 残り: 0h 10m 55s
  ✅ マイクロファイバー: 10商品
[88/440] 20.0% 完了 | 経過: 0h 2m 43s | 残り: 0h 10m 53s
  ✅ ゴム手袋: 10商品
[89/440] 20.2% 完了 | 経過: 0h 2m 45s | 残り: 0h 10m 51s
  ✅ ビニール手袋: 10商品
[90/440] 20.5% 完了 | 経過: 0h 2m 46s | 残り: 0h 10m 49s

📦 bathroom-bathtub-heavy の商品を収集中...
  ✅ カビキラー: 10商品
[91/440] 20.7% 完了 | 経過: 0h 2m 48s | 残り: 0h 10m 46s
  ✅ カビハイター: 10商品
[92/440] 20.9% 完了 | 経過: 0h 2m 50s | 残り: 0h 10m 44s
  ✅ 強力バスクリーナー: 10商品
[93/440] 21.1% 完了 | 経過: 0h 2m 52s | 残り: 0h 10m 42s
  ✅ 湯垢洗剤: 10商品
[94/440] 21.4% 完了 | 経過: 0h 2m 54s | 残り: 0h 10m 43s
  ✅ 酸性洗剤: 10商品
[95/440] 21.6% 完了 | 経過: 0h 2m 56s | 残り: 0h 10m 41s
  ✅ カビ取りブラシ: 10商品
[96/440] 21.8% 完了 | 経過: 0h 2m 59s | 残り: 0h 10m 44s
  ✅ デッキブラシ: 10商品
[97/440] 22.0% 完了 | 経過: 0h 3m 2s | 残り: 0h 10m 44s
  ✅ スチームクリーナー: 10商品
[98/440] 22.3% 完了 | 経過: 0h 3m 4s | 残り: 0h 10m 42s
  ✅ ゴム手袋 ロング: 10商品
[99/440] 22.5% 完了 | 経過: 0h 3m 5s | 残り: 0h 10m 40s
  ✅ 防護マスク: 10商品
[100/440] 22.7% 完了 | 経過: 0h 3m 7s | 残り: 0h 10m 37s

📍 排水口 (drain)

📦 bathroom-drain-light の商品を収集中...
  ✅ パイプユニッシュ: 10商品
[101/440] 23.0% 完了 | 経過: 0h 3m 9s | 残り: 0h 10m 35s
  ✅ 重曹 クエン酸: 10商品
[102/440] 23.2% 完了 | 経過: 0h 3m 11s | 残り: 0h 10m 33s
  ✅ バスマジックリン: 10商品
[103/440] 23.4% 完了 | 経過: 0h 3m 12s | 残り: 0h 10m 30s
  ✅ 排水口クリーナー: 10商品
[104/440] 23.6% 完了 | 経過: 0h 3m 14s | 残り: 0h 10m 28s
  ✅ カビ予防剤: 10商品
[105/440] 23.9% 完了 | 経過: 0h 3m 16s | 残り: 0h 10m 26s
  ✅ 排水口ブラシ: 10商品
[106/440] 24.1% 完了 | 経過: 0h 3m 18s | 残り: 0h 10m 24s
  ✅ ゴムベラ: 10商品
[107/440] 24.3% 完了 | 経過: 0h 3m 19s | 残り: 0h 10m 22s
  ✅ 歯ブラシ: 10商品
[108/440] 24.5% 完了 | 経過: 0h 3m 21s | 残り: 0h 10m 19s
  ✅ ゴム手袋: 10商品
[109/440] 24.8% 完了 | 経過: 0h 3m 23s | 残り: 0h 10m 17s
  ✅ マスク: 10商品
[110/440] 25.0% 完了 | 経過: 0h 3m 24s | 残り: 0h 10m 14s

📦 bathroom-drain-heavy の商品を収集中...
  ✅ パイプハイター: 10商品
[111/440] 25.2% 完了 | 経過: 0h 3m 26s | 残り: 0h 10m 13s
  ✅ ピーピースルー: 10商品
[112/440] 25.5% 完了 | 経過: 0h 3m 28s | 残り: 0h 10m 10s
  ✅ 業務用パイプクリーナー: 10商品
[113/440] 25.7% 完了 | 経過: 0h 3m 30s | 残り: 0h 10m 9s
  ✅ 高濃度洗剤: 10商品
[114/440] 25.9% 完了 | 経過: 0h 3m 34s | 残り: 0h 10m 13s
  ✅ カビハイター: 10商品
[115/440] 26.1% 完了 | 経過: 0h 3m 36s | 残り: 0h 10m 10s
  ✅ ワイヤーブラシ: 10商品
[116/440] 26.4% 完了 | 経過: 0h 3m 37s | 残り: 0h 10m 8s
  ✅ パイプクリーナー: 10商品
[117/440] 26.6% 完了 | 経過: 0h 3m 39s | 残り: 0h 10m 5s
  ✅ 高圧洗浄: 10商品
[118/440] 26.8% 完了 | 経過: 0h 3m 42s | 残り: 0h 10m 5s
  ✅ ゴム手袋 ロング: 10商品
[119/440] 27.0% 完了 | 経過: 0h 3m 43s | 残り: 0h 10m 3s
  ✅ 防毒マスク: 10商品
[120/440] 27.3% 完了 | 経過: 0h 3m 45s | 残り: 0h 10m 1s

📍 シャワー (shower)

📦 bathroom-shower-light の商品を収集中...
  ✅ バスマジックリン: 10商品
[121/440] 27.5% 完了 | 経過: 0h 3m 47s | 残り: 0h 9m 59s
  ✅ クエン酸: 10商品
[122/440] 27.7% 完了 | 経過: 0h 3m 49s | 残り: 0h 9m 57s
  ✅ 中性洗剤: 10商品
[123/440] 28.0% 完了 | 経過: 0h 3m 50s | 残り: 0h 9m 54s
  ✅ シャワークリーナー: 10商品
[124/440] 28.2% 完了 | 経過: 0h 3m 52s | 残り: 0h 9m 53s
  ✅ 除菌スプレー: 10商品
[125/440] 28.4% 完了 | 経過: 0h 3m 54s | 残り: 0h 9m 51s
  ✅ スポンジ: 10商品
[126/440] 28.6% 完了 | 経過: 0h 3m 56s | 残り: 0h 9m 49s
  ✅ マイクロファイバー: 10商品
[127/440] 28.9% 完了 | 経過: 0h 3m 58s | 残り: 0h 9m 47s
  ✅ スクイージー: 10商品
[128/440] 29.1% 完了 | 経過: 0h 4m 0s | 残り: 0h 9m 45s
  ✅ ビニール手袋: 10商品
[129/440] 29.3% 完了 | 経過: 0h 4m 1s | 残り: 0h 9m 43s
  ✅ マスク: 10商品
[130/440] 29.5% 完了 | 経過: 0h 4m 3s | 残り: 0h 9m 40s

📦 bathroom-shower-heavy の商品を収集中...
  ✅ カビキラー: 10商品
[131/440] 29.8% 完了 | 経過: 0h 4m 5s | 残り: 0h 9m 38s
  ✅ 水垢クリーナー: 10商品
[132/440] 30.0% 完了 | 経過: 0h 4m 8s | 残り: 0h 9m 39s
  ✅ 強力洗剤: 10商品
[133/440] 30.2% 完了 | 経過: 0h 4m 10s | 残り: 0h 9m 37s
  ✅ カルキ除去剤: 10商品
[134/440] 30.5% 完了 | 経過: 0h 4m 12s | 残り: 0h 9m 35s
  ✅ 業務用クリーナー: 10商品
[135/440] 30.7% 完了 | 経過: 0h 4m 14s | 残り: 0h 9m 34s
  ✅ ブラシ: 10商品
[136/440] 30.9% 完了 | 経過: 0h 4m 15s | 残り: 0h 9m 31s
  ✅ スクレーパー: 10商品
[137/440] 31.1% 完了 | 経過: 0h 4m 17s | 残り: 0h 9m 29s
  ✅ 研磨スポンジ: 10商品
[138/440] 31.4% 完了 | 経過: 0h 4m 19s | 残り: 0h 9m 27s
  ✅ ゴム手袋: 10商品
[139/440] 31.6% 完了 | 経過: 0h 4m 21s | 残り: 0h 9m 25s
  ✅ 保護メガネ: 10商品
[140/440] 31.8% 完了 | 経過: 0h 4m 22s | 残り: 0h 9m 23s

📍 トイレ (toilet)

📦 bathroom-toilet-light の商品を収集中...
  ✅ トイレマジックリン: 10商品
[141/440] 32.0% 完了 | 経過: 0h 4m 25s | 残り: 0h 9m 22s
  ✅ トイレクイックル: 10商品
[142/440] 32.3% 完了 | 経過: 0h 4m 27s | 残り: 0h 9m 20s
  ✅ 中性洗剤: 10商品
[143/440] 32.5% 完了 | 経過: 0h 4m 28s | 残り: 0h 9m 18s
  ✅ 除菌クリーナー: 10商品
[144/440] 32.7% 完了 | 経過: 0h 4m 30s | 残り: 0h 9m 16s
  ✅ クエン酸: 10商品
[145/440] 33.0% 完了 | 経過: 0h 4m 32s | 残り: 0h 9m 13s
  ✅ トイレブラシ: 10商品
[146/440] 33.2% 完了 | 経過: 0h 4m 34s | 残り: 0h 9m 11s
  ✅ マイクロファイバー: 10商品
[147/440] 33.4% 完了 | 経過: 0h 4m 35s | 残り: 0h 9m 9s
  ✅ ウェットシート: 10商品
[148/440] 33.6% 完了 | 経過: 0h 4m 37s | 残り: 0h 9m 7s
  ✅ ビニール手袋: 10商品
[149/440] 33.9% 完了 | 経過: 0h 4m 40s | 残り: 0h 9m 8s
  ✅ 使い捨て手袋: 10商品
[150/440] 34.1% 完了 | 経過: 0h 4m 42s | 残り: 0h 9m 6s

📦 bathroom-toilet-heavy の商品を収集中...
  ✅ トイレハイター: 10商品
[151/440] 34.3% 完了 | 経過: 0h 4m 44s | 残り: 0h 9m 4s
  ✅ サンポール: 10商品
[152/440] 34.5% 完了 | 経過: 0h 4m 46s | 残り: 0h 9m 2s
  ✅ 尿石除去剤: 10商品
[153/440] 34.8% 完了 | 経過: 0h 4m 48s | 残り: 0h 9m 0s
  ✅ 強力トイレクリーナー: 10商品
[154/440] 35.0% 完了 | 経過: 0h 4m 50s | 残り: 0h 8m 58s
  ✅ カビキラー: 10商品
[155/440] 35.2% 完了 | 経過: 0h 4m 51s | 残り: 0h 8m 56s
  ✅ トイレブラシ: 10商品
[156/440] 35.5% 完了 | 経過: 0h 4m 53s | 残り: 0h 8m 54s
  ✅ パイプクリーナー: 10商品
[157/440] 35.7% 完了 | 経過: 0h 4m 55s | 残り: 0h 8m 51s
  ✅ 研磨剤: 10商品
[158/440] 35.9% 完了 | 経過: 0h 4m 56s | 残り: 0h 8m 49s
  ✅ ゴム手袋 ロング: 10商品
[159/440] 36.1% 完了 | 経過: 0h 4m 58s | 残り: 0h 8m 47s
  ✅ マスク: 10商品
[160/440] 36.4% 完了 | 経過: 0h 5m 0s | 残り: 0h 8m 45s

📍 洗面台 (washstand)

📦 bathroom-washstand-light の商品を収集中...
  ✅ バスマジックリン: 10商品
[161/440] 36.6% 完了 | 経過: 0h 5m 1s | 残り: 0h 8m 43s
  ✅ クエン酸: 10商品
[162/440] 36.8% 完了 | 経過: 0h 5m 3s | 残り: 0h 8m 41s
  ✅ 中性洗剤: 10商品
[163/440] 37.0% 完了 | 経過: 0h 5m 5s | 残り: 0h 8m 38s
  ✅ ガラスクリーナー: 10商品
[164/440] 37.3% 完了 | 経過: 0h 5m 7s | 残り: 0h 8m 36s
  ✅ 除菌スプレー: 10商品
[165/440] 37.5% 完了 | 経過: 0h 5m 8s | 残り: 0h 8m 34s
  ✅ スポンジ: 10商品
[166/440] 37.7% 完了 | 経過: 0h 5m 10s | 残り: 0h 8m 33s
  ✅ マイクロファイバー: 10商品
[167/440] 38.0% 完了 | 経過: 0h 5m 13s | 残り: 0h 8m 33s
  ✅ 歯ブラシ: 10商品
[168/440] 38.2% 完了 | 経過: 0h 5m 15s | 残り: 0h 8m 31s
  ✅ ビニール手袋: 10商品
[169/440] 38.4% 完了 | 経過: 0h 5m 17s | 残り: 0h 8m 28s
  ✅ マスク: 10商品
[170/440] 38.6% 完了 | 経過: 0h 5m 19s | 残り: 0h 8m 26s

📦 bathroom-washstand-heavy の商品を収集中...
  ✅ カビキラー: 10商品
[171/440] 38.9% 完了 | 経過: 0h 5m 20s | 残り: 0h 8m 24s
  ✅ 水垢クリーナー: 10商品
[172/440] 39.1% 完了 | 経過: 0h 5m 22s | 残り: 0h 8m 22s
  ✅ パイプクリーナー: 10商品
[173/440] 39.3% 完了 | 経過: 0h 5m 24s | 残り: 0h 8m 20s
  ✅ 強力洗剤: 10商品
[174/440] 39.5% 完了 | 経過: 0h 5m 25s | 残り: 0h 8m 17s
  ✅ クレンザー: 10商品
[175/440] 39.8% 完了 | 経過: 0h 5m 27s | 残り: 0h 8m 15s
  ✅ ブラシ: 10商品
[176/440] 40.0% 完了 | 経過: 0h 5m 28s | 残り: 0h 8m 13s
  ✅ スクレーパー: 10商品
[177/440] 40.2% 完了 | 経過: 0h 5m 30s | 残り: 0h 8m 11s
  ✅ たわし: 10商品
[178/440] 40.5% 完了 | 経過: 0h 5m 32s | 残り: 0h 8m 9s
  ✅ ゴム手袋: 10商品
[179/440] 40.7% 完了 | 経過: 0h 5m 34s | 残り: 0h 8m 7s
  ✅ 保護メガネ: 10商品
[180/440] 40.9% 完了 | 経過: 0h 5m 35s | 残り: 0h 8m 5s

📍 換気扇 (ventilation)

📦 bathroom-ventilation-light の商品を収集中...
  ✅ 中性洗剤: 10商品
[181/440] 41.1% 完了 | 経過: 0h 5m 37s | 残り: 0h 8m 2s
  ✅ アルコール: 10商品
[182/440] 41.4% 完了 | 経過: 0h 5m 39s | 残り: 0h 8m 0s
  ✅ マイクロファイバー: 10商品
[183/440] 41.6% 完了 | 経過: 0h 5m 40s | 残り: 0h 7m 58s
  ✅ 除菌スプレー: 10商品
[184/440] 41.8% 完了 | 経過: 0h 5m 42s | 残り: 0h 7m 56s
  ✅ ガラスクリーナー: 10商品
[185/440] 42.0% 完了 | 経過: 0h 5m 44s | 残り: 0h 7m 54s
  ✅ ブラシ: 10商品
[186/440] 42.3% 完了 | 経過: 0h 5m 45s | 残り: 0h 7m 52s
  ✅ スポンジ: 10商品
[187/440] 42.5% 完了 | 経過: 0h 5m 49s | 残り: 0h 7m 52s
  ✅ 綿棒: 10商品
[188/440] 42.7% 完了 | 経過: 0h 5m 50s | 残り: 0h 7m 50s
  ✅ 手袋: 10商品
[189/440] 43.0% 完了 | 経過: 0h 5m 52s | 残り: 0h 7m 48s
  ✅ マスク: 10商品
[190/440] 43.2% 完了 | 経過: 0h 5m 54s | 残り: 0h 7m 46s

📦 bathroom-ventilation-heavy の商品を収集中...
  ✅ 換気扇クリーナー: 10商品
[191/440] 43.4% 完了 | 経過: 0h 5m 55s | 残り: 0h 7m 44s
  ✅ カビキラー: 10商品
[192/440] 43.6% 完了 | 経過: 0h 5m 57s | 残り: 0h 7m 41s
  ✅ 強力洗剤: 10商品
[193/440] 43.9% 完了 | 経過: 0h 5m 59s | 残り: 0h 7m 39s
  ✅ 油汚れ洗剤: 10商品
[194/440] 44.1% 完了 | 経過: 0h 6m 0s | 残り: 0h 7m 37s
  ✅ アルカリ洗剤: 10商品
[195/440] 44.3% 完了 | 経過: 0h 6m 2s | 残り: 0h 7m 35s
  ✅ ブラシ: 10商品
[196/440] 44.5% 完了 | 経過: 0h 6m 4s | 残り: 0h 7m 33s
  ✅ スクレーパー: 10商品
[197/440] 44.8% 完了 | 経過: 0h 6m 6s | 残り: 0h 7m 31s
  ✅ 高圧洗浄: 10商品
[198/440] 45.0% 完了 | 経過: 0h 6m 7s | 残り: 0h 7m 29s
  ✅ ゴム手袋: 10商品
[199/440] 45.2% 完了 | 経過: 0h 6m 9s | 残り: 0h 7m 27s
  ✅ 防護マスク: 10商品
[200/440] 45.5% 完了 | 経過: 0h 6m 11s | 残り: 0h 7m 25s


🏠 === リビング (living) ===

📍 ソファ (sofa)

📦 living-sofa-light の商品を収集中...
  ✅ ファブリーズ: 10商品
[201/440] 45.7% 完了 | 経過: 0h 6m 13s | 残り: 0h 7m 23s
  ✅ 中性洗剤: 10商品
[202/440] 45.9% 完了 | 経過: 0h 6m 14s | 残り: 0h 7m 21s
  ✅ アルコール: 10商品
[203/440] 46.1% 完了 | 経過: 0h 6m 16s | 残り: 0h 7m 19s
  ✅ 布用スプレー: 10商品
[204/440] 46.4% 完了 | 経過: 0h 6m 18s | 残り: 0h 7m 17s
  ✅ 消臭剤: 10商品
[205/440] 46.6% 完了 | 経過: 0h 6m 21s | 残り: 0h 7m 17s
  ✅ マイクロファイバー: 10商品
[206/440] 46.8% 完了 | 経過: 0h 6m 23s | 残り: 0h 7m 15s
  ✅ ブラシ: 10商品
[207/440] 47.0% 完了 | 経過: 0h 6m 25s | 残り: 0h 7m 13s
  ✅ コロコロ: 10商品
[208/440] 47.3% 完了 | 経過: 0h 6m 27s | 残り: 0h 7m 11s
  ✅ 手袋: 10商品
[209/440] 47.5% 完了 | 経過: 0h 6m 28s | 残り: 0h 7m 9s
  ✅ エプロン: 10商品
[210/440] 47.7% 完了 | 経過: 0h 6m 30s | 残り: 0h 7m 7s

📦 living-sofa-heavy の商品を収集中...
  ✅ 布用クリーナー: 10商品
[211/440] 48.0% 完了 | 経過: 0h 6m 32s | 残り: 0h 7m 6s
  ✅ シミ取り剤: 10商品
[212/440] 48.2% 完了 | 経過: 0h 6m 34s | 残り: 0h 7m 4s
  ✅ オキシクリーン: 10商品
[213/440] 48.4% 完了 | 経過: 0h 6m 36s | 残り: 0h 7m 2s
  ✅ 重曹: 10商品
[214/440] 48.6% 完了 | 経過: 0h 6m 38s | 残り: 0h 7m 0s
  ✅ 消臭スプレー: 10商品
[215/440] 48.9% 完了 | 経過: 0h 6m 40s | 残り: 0h 6m 58s
  ✅ ブラシ: 10商品
[216/440] 49.1% 完了 | 経過: 0h 6m 41s | 残り: 0h 6m 56s
  ✅ スチームクリーナー: 10商品
[217/440] 49.3% 完了 | 経過: 0h 6m 43s | 残り: 0h 6m 54s
  ✅ 掃除機: 10商品
[218/440] 49.5% 完了 | 経過: 0h 6m 45s | 残り: 0h 6m 52s
  ✅ ゴム手袋: 10商品
[219/440] 49.8% 完了 | 経過: 0h 6m 47s | 残り: 0h 6m 50s
  ✅ マスク: 10商品
[220/440] 50.0% 完了 | 経過: 0h 6m 48s | 残り: 0h 6m 48s

📍 カーペット (carpet)

📦 living-carpet-light の商品を収集中...
  ✅ 重曹: 10商品
[221/440] 50.2% 完了 | 経過: 0h 6m 50s | 残り: 0h 6m 46s
  ✅ ファブリーズ: 10商品
[222/440] 50.5% 完了 | 経過: 0h 6m 52s | 残り: 0h 6m 44s
  ✅ 中性洗剤: 10商品
[223/440] 50.7% 完了 | 経過: 0h 6m 55s | 残り: 0h 6m 44s
  ✅ カーペットスプレー: 10商品
[224/440] 50.9% 完了 | 経過: 0h 6m 57s | 残り: 0h 6m 42s
  ✅ 消臭剤: 10商品
[225/440] 51.1% 完了 | 経過: 0h 6m 59s | 残り: 0h 6m 40s
  ✅ ブラシ: 10商品
[226/440] 51.4% 完了 | 経過: 0h 7m 0s | 残り: 0h 6m 38s
  ✅ コロコロ: 10商品
[227/440] 51.6% 完了 | 経過: 0h 7m 2s | 残り: 0h 6m 36s
  ✅ 掃除機: 10商品
[228/440] 51.8% 完了 | 経過: 0h 7m 4s | 残り: 0h 6m 34s
  ✅ ビニール手袋: 10商品
[229/440] 52.0% 完了 | 経過: 0h 7m 5s | 残り: 0h 6m 32s
  ✅ エプロン: 10商品
[230/440] 52.3% 完了 | 経過: 0h 7m 8s | 残り: 0h 6m 30s

📦 living-carpet-heavy の商品を収集中...
  ✅ カーペットクリーナー: 10商品
[231/440] 52.5% 完了 | 経過: 0h 7m 10s | 残り: 0h 6m 29s
  ✅ シミ取り剤: 10商品
[232/440] 52.7% 完了 | 経過: 0h 7m 11s | 残り: 0h 6m 27s
  ✅ オキシクリーン: 10商品
[233/440] 53.0% 完了 | 経過: 0h 7m 13s | 残り: 0h 6m 25s
  ✅ 重曹: 10商品
[234/440] 53.2% 完了 | 経過: 0h 7m 15s | 残り: 0h 6m 23s
  ✅ 消臭パウダー: 10商品
[235/440] 53.4% 完了 | 経過: 0h 7m 17s | 残り: 0h 6m 21s
  ✅ カーペットブラシ: 10商品
[236/440] 53.6% 完了 | 経過: 0h 7m 19s | 残り: 0h 6m 20s
  ✅ スチームクリーナー: 10商品
[237/440] 53.9% 完了 | 経過: 0h 7m 21s | 残り: 0h 6m 18s
  ✅ 掃除機: 10商品
[238/440] 54.1% 完了 | 経過: 0h 7m 23s | 残り: 0h 6m 16s
  ✅ ゴム手袋: 10商品
[239/440] 54.3% 完了 | 経過: 0h 7m 25s | 残り: 0h 6m 14s
  ✅ マスク: 10商品
[240/440] 54.5% 完了 | 経過: 0h 7m 26s | 残り: 0h 6m 12s

📍 テーブル (table)

📦 living-table-light の商品を収集中...
  ✅ マイペット: 10商品
[241/440] 54.8% 完了 | 経過: 0h 7m 29s | 残り: 0h 6m 11s
  ✅ 中性洗剤: 10商品
[242/440] 55.0% 完了 | 経過: 0h 7m 31s | 残り: 0h 6m 9s
  ✅ ガラスクリーナー: 10商品
[243/440] 55.2% 完了 | 経過: 0h 7m 33s | 残り: 0h 6m 7s
  ✅ アルコール: 10商品
[244/440] 55.5% 完了 | 経過: 0h 7m 35s | 残り: 0h 6m 5s
  ✅ ワックス: 10商品
[245/440] 55.7% 完了 | 経過: 0h 7m 37s | 残り: 0h 6m 3s
  ✅ マイクロファイバー: 10商品
[246/440] 55.9% 完了 | 経過: 0h 7m 38s | 残り: 0h 6m 1s
  ✅ スポンジ: 10商品
[247/440] 56.1% 完了 | 経過: 0h 7m 40s | 残り: 0h 5m 59s
  ✅ ダスター: 10商品
[248/440] 56.4% 完了 | 経過: 0h 7m 42s | 残り: 0h 5m 57s
  ✅ 手袋: 10商品
[249/440] 56.6% 完了 | 経過: 0h 7m 43s | 残り: 0h 5m 55s
  ✅ エプロン: 10商品
[250/440] 56.8% 完了 | 経過: 0h 7m 45s | 残り: 0h 5m 53s

📦 living-table-heavy の商品を収集中...
  ✅ ワックスリムーバー: 10商品
[251/440] 57.0% 完了 | 経過: 0h 7m 47s | 残り: 0h 5m 52s
  ✅ クレンザー: 10商品
[252/440] 57.3% 完了 | 経過: 0h 7m 49s | 残り: 0h 5m 50s
  ✅ 研磨剤: 10商品
[253/440] 57.5% 完了 | 経過: 0h 7m 51s | 残り: 0h 5m 48s
  ✅ オイルクリーナー: 10商品
[254/440] 57.7% 完了 | 経過: 0h 7m 52s | 残り: 0h 5m 46s
  ✅ 強力洗剤: 10商品
[255/440] 58.0% 完了 | 経過: 0h 7m 54s | 残り: 0h 5m 44s
  ✅ スクレーパー: 10商品
[256/440] 58.2% 完了 | 経過: 0h 7m 56s | 残り: 0h 5m 42s
  ✅ サンドペーパー: 10商品
[257/440] 58.4% 完了 | 経過: 0h 7m 58s | 残り: 0h 5m 40s
  ✅ 研磨パッド: 10商品
[258/440] 58.6% 完了 | 経過: 0h 8m 0s | 残り: 0h 5m 38s
  ✅ ゴム手袋: 10商品
[259/440] 58.9% 完了 | 経過: 0h 8m 3s | 残り: 0h 5m 37s
  ✅ 保護メガネ: 10商品
[260/440] 59.1% 完了 | 経過: 0h 8m 4s | 残り: 0h 5m 35s

📍 壁 (wall)

📦 living-wall-light の商品を収集中...
  ✅ 中性洗剤: 10商品
[261/440] 59.3% 完了 | 経過: 0h 8m 6s | 残り: 0h 5m 33s
  ✅ アルコール: 10商品
[262/440] 59.5% 完了 | 経過: 0h 8m 8s | 残り: 0h 5m 31s
  ✅ マイペット: 10商品
[263/440] 59.8% 完了 | 経過: 0h 8m 9s | 残り: 0h 5m 29s
  ✅ 重曹: 10商品
[264/440] 60.0% 完了 | 経過: 0h 8m 11s | 残り: 0h 5m 27s
  ✅ セスキ炭酸ソーダ: 10商品
[265/440] 60.2% 完了 | 経過: 0h 8m 13s | 残り: 0h 5m 25s
  ✅ マイクロファイバー: 10商品
[266/440] 60.5% 完了 | 経過: 0h 8m 14s | 残り: 0h 5m 23s
  ✅ スポンジ: 10商品
[267/440] 60.7% 完了 | 経過: 0h 8m 16s | 残り: 0h 5m 21s
  ✅ ダスター: 10商品
[268/440] 60.9% 完了 | 経過: 0h 8m 18s | 残り: 0h 5m 19s
  ✅ ビニール手袋: 10商品
[269/440] 61.1% 完了 | 経過: 0h 8m 19s | 残り: 0h 5m 17s
  ✅ エプロン: 10商品
[270/440] 61.4% 完了 | 経過: 0h 8m 21s | 残り: 0h 5m 15s

📦 living-wall-heavy の商品を収集中...
  ✅ 壁紙クリーナー: 10商品
[271/440] 61.6% 完了 | 経過: 0h 8m 23s | 残り: 0h 5m 13s
  ✅ カビキラー: 10商品
[272/440] 61.8% 完了 | 経過: 0h 8m 25s | 残り: 0h 5m 12s
  ✅ アルカリ洗剤: 10商品
[273/440] 62.0% 完了 | 経過: 0h 8m 26s | 残り: 0h 5m 10s
  ✅ シミ取り剤: 10商品
[274/440] 62.3% 完了 | 経過: 0h 8m 28s | 残り: 0h 5m 8s
  ✅ 塗料リムーバー: 10商品
[275/440] 62.5% 完了 | 経過: 0h 8m 30s | 残り: 0h 5m 6s
  ✅ ブラシ: 10商品
[276/440] 62.7% 完了 | 経過: 0h 8m 32s | 残り: 0h 5m 4s
  ✅ スクレーパー: 10商品
[277/440] 63.0% 完了 | 経過: 0h 8m 33s | 残り: 0h 5m 2s
  ✅ サンドペーパー: 10商品
[278/440] 63.2% 完了 | 経過: 0h 8m 36s | 残り: 0h 5m 1s
  ✅ ゴム手袋: 10商品
[279/440] 63.4% 完了 | 経過: 0h 8m 38s | 残り: 0h 4m 59s
  ✅ マスク: 10商品
[280/440] 63.6% 完了 | 経過: 0h 8m 40s | 残り: 0h 4m 57s


🏠 === 床 (floor) ===

📍 フローリング (flooring)

📦 floor-flooring-light の商品を収集中...
  ✅ フローリングクリーナー: 10商品
[281/440] 63.9% 完了 | 経過: 0h 8m 42s | 残り: 0h 4m 55s
  ✅ 中性洗剤: 10商品
[282/440] 64.1% 完了 | 経過: 0h 8m 43s | 残り: 0h 4m 53s
  ✅ マイペット: 10商品
[283/440] 64.3% 完了 | 経過: 0h 8m 45s | 残り: 0h 4m 51s
  ✅ ワックスシート: 10商品
[284/440] 64.5% 完了 | 経過: 0h 8m 47s | 残り: 0h 4m 49s
  ✅ 除菌スプレー: 10商品
[285/440] 64.8% 完了 | 経過: 0h 8m 48s | 残り: 0h 4m 47s
  ✅ モップ: 10商品
[286/440] 65.0% 完了 | 経過: 0h 8m 50s | 残り: 0h 4m 45s
  ✅ マイクロファイバー: 10商品
[287/440] 65.2% 完了 | 経過: 0h 8m 52s | 残り: 0h 4m 43s
  ✅ ダスター: 10商品
[288/440] 65.5% 完了 | 経過: 0h 8m 53s | 残り: 0h 4m 41s
  ✅ ビニール手袋: 10商品
[289/440] 65.7% 完了 | 経過: 0h 8m 55s | 残り: 0h 4m 39s
  ✅ エプロン: 10商品
[290/440] 65.9% 完了 | 経過: 0h 8m 57s | 残り: 0h 4m 37s

📦 floor-flooring-heavy の商品を収集中...
  ✅ ワックスリムーバー: 10商品
[291/440] 66.1% 完了 | 経過: 0h 8m 58s | 残り: 0h 4m 35s
  ✅ 強力洗剤: 10商品
[292/440] 66.4% 完了 | 経過: 0h 9m 0s | 残り: 0h 4m 33s
  ✅ クレンザー: 10商品
[293/440] 66.6% 完了 | 経過: 0h 9m 2s | 残り: 0h 4m 32s
  ✅ アルカリ洗剤: 10商品
[294/440] 66.8% 完了 | 経過: 0h 9m 3s | 残り: 0h 4m 30s
  ✅ ワックス: 10商品
[295/440] 67.0% 完了 | 経過: 0h 9m 5s | 残り: 0h 4m 28s
  ✅ モップ: 10商品
[296/440] 67.3% 完了 | 経過: 0h 9m 7s | 残り: 0h 4m 26s
  ✅ ブラシ: 10商品
[297/440] 67.5% 完了 | 経過: 0h 9m 10s | 残り: 0h 4m 24s
  ✅ スクレーパー: 10商品
[298/440] 67.7% 完了 | 経過: 0h 9m 11s | 残り: 0h 4m 22s
  ✅ ゴム手袋: 10商品
[299/440] 68.0% 完了 | 経過: 0h 9m 13s | 残り: 0h 4m 21s
  ✅ マスク: 10商品
[300/440] 68.2% 完了 | 経過: 0h 9m 15s | 残り: 0h 4m 19s

📍 畳 (tatami)

📦 floor-tatami-light の商品を収集中...
  ✅ 畳用洗剤: 10商品
[301/440] 68.4% 完了 | 経過: 0h 9m 17s | 残り: 0h 4m 17s
  ✅ 中性洗剤: 10商品
[302/440] 68.6% 完了 | 経過: 0h 9m 18s | 残り: 0h 4m 15s
  ✅ アルコール: 10商品
[303/440] 68.9% 完了 | 経過: 0h 9m 20s | 残り: 0h 4m 13s
  ✅ 重曹: 10商品
[304/440] 69.1% 完了 | 経過: 0h 9m 22s | 残り: 0h 4m 11s
  ✅ 消臭スプレー: 10商品
[305/440] 69.3% 完了 | 経過: 0h 9m 23s | 残り: 0h 4m 9s
  ✅ 畳ブラシ: 10商品
[306/440] 69.5% 完了 | 経過: 0h 9m 25s | 残り: 0h 4m 7s
  ✅ 雑巾: 10商品
[307/440] 69.8% 完了 | 経過: 0h 9m 27s | 残り: 0h 4m 5s
  ✅ 掃除機: 10商品
[308/440] 70.0% 完了 | 経過: 0h 9m 29s | 残り: 0h 4m 4s
  ✅ ビニール手袋: 10商品
[309/440] 70.2% 完了 | 経過: 0h 9m 31s | 残り: 0h 4m 2s
  ✅ エプロン: 10商品
[310/440] 70.5% 完了 | 経過: 0h 9m 32s | 残り: 0h 4m 0s

📦 floor-tatami-heavy の商品を収集中...
  ✅ 畳クリーナー: 10商品
[311/440] 70.7% 完了 | 経過: 0h 9m 34s | 残り: 0h 3m 58s
  ✅ カビキラー: 10商品
[312/440] 70.9% 完了 | 経過: 0h 9m 36s | 残り: 0h 3m 56s
  ✅ 消毒用アルコール: 10商品
[313/440] 71.1% 完了 | 経過: 0h 9m 38s | 残り: 0h 3m 54s
  ✅ 防虫剤: 10商品
[314/440] 71.4% 完了 | 経過: 0h 9m 40s | 残り: 0h 3m 52s
  ✅ 消臭剤: 10商品
[315/440] 71.6% 完了 | 経過: 0h 9m 43s | 残り: 0h 3m 51s
  ✅ 畳ブラシ: 10商品
[316/440] 71.8% 完了 | 経過: 0h 9m 45s | 残り: 0h 3m 49s
  ✅ 掃除機: 10商品
[317/440] 72.0% 完了 | 経過: 0h 9m 46s | 残り: 0h 3m 47s
  ✅ スチーマー: 10商品
[318/440] 72.3% 完了 | 経過: 0h 9m 48s | 残り: 0h 3m 45s
  ✅ ゴム手袋: 10商品
[319/440] 72.5% 完了 | 経過: 0h 9m 50s | 残り: 0h 3m 44s
  ✅ マスク: 10商品
[320/440] 72.7% 完了 | 経過: 0h 9m 52s | 残り: 0h 3m 42s

📍 タイル (tile)

📦 floor-tile-light の商品を収集中...
  ✅ 中性洗剤: 10商品
[321/440] 73.0% 完了 | 経過: 0h 9m 54s | 残り: 0h 3m 40s
  ✅ マイペット: 10商品
[322/440] 73.2% 完了 | 経過: 0h 9m 56s | 残り: 0h 3m 38s
  ✅ アルコール: 10商品
[323/440] 73.4% 完了 | 経過: 0h 9m 57s | 残り: 0h 3m 36s
  ✅ 重曹: 10商品
[324/440] 73.6% 完了 | 経過: 0h 9m 59s | 残り: 0h 3m 34s
  ✅ クエン酸: 10商品
[325/440] 73.9% 完了 | 経過: 0h 10m 1s | 残り: 0h 3m 32s
  ✅ モップ: 10商品
[326/440] 74.1% 完了 | 経過: 0h 10m 2s | 残り: 0h 3m 30s
  ✅ スポンジ: 10商品
[327/440] 74.3% 完了 | 経過: 0h 10m 4s | 残り: 0h 3m 28s
  ✅ ブラシ: 10商品
[328/440] 74.5% 完了 | 経過: 0h 10m 6s | 残り: 0h 3m 26s
  ✅ ビニール手袋: 10商品
[329/440] 74.8% 完了 | 経過: 0h 10m 7s | 残り: 0h 3m 25s
検索エラー（試行 1/3）エプロン: Too Many Requests
  ✅ エプロン: 10商品
[330/440] 75.0% 完了 | 経過: 0h 10m 12s | 残り: 0h 3m 24s

📦 floor-tile-heavy の商品を収集中...
  ✅ タイルクリーナー: 10商品
[331/440] 75.2% 完了 | 経過: 0h 10m 14s | 残り: 0h 3m 22s
  ✅ カビキラー: 10商品
[332/440] 75.5% 完了 | 経過: 0h 10m 16s | 残り: 0h 3m 20s
  ✅ クレンザー: 10商品
[333/440] 75.7% 完了 | 経過: 0h 10m 18s | 残り: 0h 3m 18s
  ✅ 酸性洗剤: 10商品
[334/440] 75.9% 完了 | 経過: 0h 10m 20s | 残り: 0h 3m 16s
